
2016-04-20T15:27:52.797Z - info: reading 'config.json'...
2016-04-20T15:27:52.852Z - info: setup the board
2016-04-20T15:27:52.976Z - info: parsing 'config.json'...
2016-04-20T15:27:52.991Z - info: chrono start 00 28 17 * * 1-5
2016-04-20T15:27:53.029Z - info: chrono start 00 31 17 * * 1-5
2016-04-20T15:27:53.037Z - info: chrono start 00 33 17 * * 1-5
2016-04-20T15:27:53.045Z - info: chrono start 00 37 17 * * 1-5
2016-04-20T15:27:53.057Z - info: chrono end 00 29 17 * * 1-5
2016-04-20T15:27:53.062Z - info: parsing finished
2016-04-20T15:27:53.063Z - info: chrono end 00 32 17 * * 1-5
2016-04-20T15:27:53.069Z - info: parsing finished
2016-04-20T15:27:53.069Z - info: chrono end 00 35 17 * * 1-5
2016-04-20T15:27:53.074Z - info: parsing finished
2016-04-20T15:27:53.074Z - info: chrono end 00 40 17 * * 1-5
2016-04-20T15:27:53.083Z - info: parsing finished
2016-04-20T15:28:00.086Z - info: boiler is now ON
2016-04-20T15:29:00.113Z - info: boiler is now OFF
2016-04-20T15:31:00.097Z - info: boiler is now ON
2016-04-20T15:32:00.114Z - info: boiler is now OFF
2016-04-20T15:33:00.104Z - info: boiler is now ON
2016-04-20T15:35:00.113Z - info: boiler is now OFF
2016-04-20T15:37:00.110Z - info: boiler is now ON
2016-04-20T15:40:00.120Z - info: boiler is now OFF
